<?xml version="1.0" encoding="UTF-8"?>
<!-- Generated by org.testng.reporters.JUnitReportReporter -->
<testsuite skipped="0" hostname="DESKTOP-2ED4479" name="Com.Demo.Scripts.LaunchGoogle" tests="1" failures="0" timestamp="10 Feb 2019 06:47:05 GMT" time="36.110" errors="0">
  <testcase name="lunchgoogle" time="36.110" classname="Com.Demo.Scripts.LaunchGoogle"/>
</testsuite> <!-- Com.Demo.Scripts.LaunchGoogle -->
